<?xml version="1.0" encoding="UTF-8"?>
<!-- Generated by org.testng.reporters.JUnitReportReporter -->
<testsuite hostname="LAPTOP-HA8083HS" failures="0" tests="1" name="com.CoverFox.testCase.insuranceSelect" time="22.826" errors="0" timestamp="2024-08-21T12:10:20 IST" skipped="0">
  <testcase classname="com.CoverFox.testCase.insuranceSelect" name="insuranceTest" time="22.826">
    <system-out>
      <![CDATA[Test Cases is started Executing!
Test Case is Passed!]]>
    </system-out>
  </testcase> <!-- insuranceTest -->
  <system-out>
    <![CDATA[Execution of WebBrowser is Started!
Test Cases is started Executing!
Test Case is Passed!]]>
  </system-out>
</testsuite> <!-- com.CoverFox.testCase.insuranceSelect -->
