<?xml version="1.0" encoding="UTF-8"?>
<!-- Generated by org.testng.reporters.JUnitReportReporter -->
<testsuite hostname="LAPTOP-HA8083HS" failures="0" tests="1" name="com.CoverFox.testCase.ramdom1" time="0.002" errors="0" timestamp="2024-08-12T18:13:27 IST" skipped="0">
  <testcase classname="com.CoverFox.testCase.ramdom1" name="random" time="0.002">
    <system-out>
      <![CDATA[Test Cases is started Executing!
random1 is running
Test Case is Passed!]]>
    </system-out>
  </testcase> <!-- random -->
  <system-out>
    <![CDATA[Execution of WebBrowser is Started!
Test Cases is started Executing!
Test Case is Passed!
Test Cases is started Executing!
random1 is running
Test Case is Passed!]]>
  </system-out>
</testsuite> <!-- com.CoverFox.testCase.ramdom1 -->
